{
  "stats": {
    "suites": 1,
    "tests": 1,
    "passes": 1,
    "pending": 0,
    "failures": 0,
    "start": "2021-10-02T10:51:50.248Z",
    "end": "2021-10-02T10:52:20.266Z",
    "duration": 30018,
    "testsRegistered": 1,
    "passPercent": 100,
    "pendingPercent": 0,
    "other": 0,
    "hasOther": false,
    "skipped": 0,
    "hasSkipped": false
  },
  "results": [
    {
      "uuid": "35526357-6fea-4b63-b26e-85e8b52c529e",
      "title": "",
      "fullFile": "cypress/integration/video/verifyPlayback.spec.js",
      "file": "cypress/integration/video/verifyPlayback.spec.js",
      "beforeHooks": [],
      "afterHooks": [],
      "tests": [],
      "suites": [
        {
          "uuid": "92c43546-bc9a-4331-8755-a1b9aac54ecf",
          "title": "Verify Playback",
          "fullFile": "",
          "file": "",
          "beforeHooks": [],
          "afterHooks": [],
          "tests": [
            {
              "title": "Verify play and pause video",
              "fullTitle": "Verify Playback Verify play and pause video",
              "timedOut": null,
              "duration": 29861,
              "state": "passed",
              "speed": "slow",
              "pass": true,
              "fail": false,
              "pending": false,
              "context": null,
              "code": "_headerActions.default.clickHeaderItem(\"video\");\n_videoActions.default.openVideo(\"Cunnington breaks down at awards\");\n_videoActions.default.verifyVideoStatus('playing');\n_videoActions.default.playOrPauseVideo();\n_videoActions.default.verifyVideoStatus('paused');",
              "err": {},
              "uuid": "665e8245-3719-4de4-bda3-72552beb8ed9",
              "parentUUID": "92c43546-bc9a-4331-8755-a1b9aac54ecf",
              "isHook": false,
              "skipped": false
            }
          ],
          "suites": [],
          "passes": [
            "665e8245-3719-4de4-bda3-72552beb8ed9"
          ],
          "failures": [],
          "pending": [],
          "skipped": [],
          "duration": 29861,
          "root": false,
          "rootEmpty": false,
          "_timeout": 2000
        }
      ],
      "passes": [],
      "failures": [],
      "pending": [],
      "skipped": [],
      "duration": 0,
      "root": true,
      "rootEmpty": true,
      "_timeout": 2000
    }
  ],
  "meta": {
    "mocha": {
      "version": "7.0.1"
    },
    "mochawesome": {
      "options": {
        "quiet": false,
        "reportFilename": "mochawesome",
        "saveHtml": false,
        "saveJson": true,
        "consoleReporter": "spec",
        "useInlineDiffs": false,
        "code": true
      },
      "version": "6.3.0"
    },
    "marge": {
      "options": {
        "id": "default",
        "reportDir": "cypress/results",
        "overwrite": false,
        "html": false,
        "json": true
      },
      "version": "5.2.0"
    }
  }
}