{
  "stats": {
    "suites": 2,
    "tests": 2,
    "passes": 1,
    "pending": 0,
    "failures": 1,
    "start": "2021-10-02T10:50:57.819Z",
    "end": "2021-10-02T10:52:20.266Z",
    "duration": 75889,
    "testsRegistered": 2,
    "passPercent": 50,
    "pendingPercent": 0,
    "other": 0,
    "hasOther": false,
    "skipped": 0,
    "hasSkipped": false
  },
  "results": [
    {
      "uuid": "75778888-6264-4db7-81fd-8f85677046de",
      "title": "",
      "fullFile": "cypress/integration/article/verifyArticle.spec.js",
      "file": "cypress/integration/article/verifyArticle.spec.js",
      "beforeHooks": [],
      "afterHooks": [],
      "tests": [],
      "suites": [
        {
          "uuid": "c8bac173-e99d-4c5b-9af8-d6d719280c8f",
          "title": "Verify Article",
          "fullFile": "",
          "file": "",
          "beforeHooks": [],
          "afterHooks": [],
          "tests": [
            {
              "title": "Verify article title, description and hero Image is present",
              "fullTitle": "Verify Article Verify article title, description and hero Image is present",
              "timedOut": null,
              "duration": 46028,
              "state": "failed",
              "speed": null,
              "pass": false,
              "fail": true,
              "pending": false,
              "context": "\"../screenshots/article/verifyArticle.spec.js/Verify Article -- Verify article title, description and hero Image is present (failed).png\"",
              "code": "_headerActions.default.clickHeaderItem(\"Football\");\n_headerActions.default.clickHeaderItem(\"Latest News\");\n_latestNewsActions.default.verifyArticleGroupList(1);",
              "err": {
                "message": "AssertionError: Timed out retrying after 4000ms: Too many elements found. Found '4', expected '1'.",
                "estack": "AssertionError: Timed out retrying after 4000ms: Too many elements found. Found '4', expected '1'.\n    at Object.verifyArticleGroupList (https://foxsports.com.au/__cypress/tests?p=cypress/integration/article/verifyArticle.spec.js:163:49)\n    at Context.eval (https://foxsports.com.au/__cypress/tests?p=cypress/integration/article/verifyArticle.spec.js:202:32)",
                "diff": "- 4\n+ 1\n"
              },
              "uuid": "3e5907be-1c5d-41ad-9aa7-7d8016b4e48d",
              "parentUUID": "c8bac173-e99d-4c5b-9af8-d6d719280c8f",
              "isHook": false,
              "skipped": false
            }
          ],
          "suites": [],
          "passes": [],
          "failures": [
            "3e5907be-1c5d-41ad-9aa7-7d8016b4e48d"
          ],
          "pending": [],
          "skipped": [],
          "duration": 46028,
          "root": false,
          "rootEmpty": false,
          "_timeout": 2000
        }
      ],
      "passes": [],
      "failures": [],
      "pending": [],
      "skipped": [],
      "duration": 0,
      "root": true,
      "rootEmpty": true,
      "_timeout": 2000
    },
    {
      "uuid": "35526357-6fea-4b63-b26e-85e8b52c529e",
      "title": "",
      "fullFile": "cypress/integration/video/verifyPlayback.spec.js",
      "file": "cypress/integration/video/verifyPlayback.spec.js",
      "beforeHooks": [],
      "afterHooks": [],
      "tests": [],
      "suites": [
        {
          "uuid": "92c43546-bc9a-4331-8755-a1b9aac54ecf",
          "title": "Verify Playback",
          "fullFile": "",
          "file": "",
          "beforeHooks": [],
          "afterHooks": [],
          "tests": [
            {
              "title": "Verify play and pause video",
              "fullTitle": "Verify Playback Verify play and pause video",
              "timedOut": null,
              "duration": 29861,
              "state": "passed",
              "speed": "slow",
              "pass": true,
              "fail": false,
              "pending": false,
              "context": null,
              "code": "_headerActions.default.clickHeaderItem(\"video\");\n_videoActions.default.openVideo(\"Cunnington breaks down at awards\");\n_videoActions.default.verifyVideoStatus('playing');\n_videoActions.default.playOrPauseVideo();\n_videoActions.default.verifyVideoStatus('paused');",
              "err": {},
              "uuid": "665e8245-3719-4de4-bda3-72552beb8ed9",
              "parentUUID": "92c43546-bc9a-4331-8755-a1b9aac54ecf",
              "isHook": false,
              "skipped": false
            }
          ],
          "suites": [],
          "passes": [
            "665e8245-3719-4de4-bda3-72552beb8ed9"
          ],
          "failures": [],
          "pending": [],
          "skipped": [],
          "duration": 29861,
          "root": false,
          "rootEmpty": false,
          "_timeout": 2000
        }
      ],
      "passes": [],
      "failures": [],
      "pending": [],
      "skipped": [],
      "duration": 0,
      "root": true,
      "rootEmpty": true,
      "_timeout": 2000
    }
  ],
  "meta": {
    "mocha": {
      "version": "7.0.1"
    },
    "mochawesome": {
      "options": {
        "quiet": false,
        "reportFilename": "mochawesome",
        "saveHtml": false,
        "saveJson": true,
        "consoleReporter": "spec",
        "useInlineDiffs": false,
        "code": true
      },
      "version": "6.3.0"
    },
    "marge": {
      "options": {
        "id": "default",
        "reportDir": "cypress/results",
        "overwrite": false,
        "html": false,
        "json": true
      },
      "version": "5.2.0"
    }
  }
}